2022-06-30 21:53:00,746:INFO:Initializing load_model()
2022-06-30 21:53:00,746:INFO:load_model(model_name=C:\Users\USUARIO\Documents\GitHub\Team_224\Proyecto\Models\model_selected_pipeline, platform=None, authentication=None, verbose=True)
2022-06-30 21:53:08,178:INFO:Initializing load_model()
2022-06-30 21:53:08,178:INFO:load_model(model_name=C:\Users\USUARIO\Documents\GitHub\Team_224\Proyecto\Models\model_selected_pipeline, platform=None, authentication=None, verbose=True)
2022-06-30 21:53:34,333:INFO:Initializing create_model()
2022-06-30 21:53:34,334:INFO:create_model(estimator=Pipeline(steps=[('dtypes',
                 DataTypes_Auto_infer(categorical_features=['gender',
                                                            'is_special_population',
                                                            'any_disability',
                                                            'MUNICIPIO_DE_RESIDENCIA',
                                                            'home_type',
                                                            'education_level',
                                                            'marital_status',
                                                            'PROFESION',
                                                            'total_depedants',
                                                            'ESTRATO_SOCIAL'],
                                      ml_usecase='regression',
                                      target='request_attend_per_day')),
                ('imputer',
                 Simple_Imputer(categorical_strategy='not_...
                                                 criterion='mse',
                                                 max_depth=None,
                                                 max_features='auto',
                                                 max_leaf_nodes=None,
                                                 max_samples=None,
                                                 min_impurity_decrease=0.0,
                                                 min_impurity_split=None,
                                                 min_samples_leaf=1,
                                                 min_samples_split=2,
                                                 min_weight_fraction_leaf=0.0,
                                                 n_estimators=100, n_jobs=-1,
                                                 oob_score=False,
                                                 random_state=1229,
                                                 regressor=ExtraTreesRegressor(n_jobs=-1,
                                                                               random_state=1229),
                                                 verbose=0,
                                                 warm_start=False)]]), fold=None, round=4, cross_validation=True, predict=True, fit_kwargs=None, groups=None, refit=True, verbose=True, system=True, metrics=None, experiment_custom_tags=None, add_to_model_list=True, probability_threshold=None, display=None, return_train_score=False, kwargs={})
2022-06-30 21:53:34,337:INFO:Checking exceptions
2022-06-30 21:56:15,296:INFO:Initializing evaluate_model()
2022-06-30 21:56:15,296:INFO:evaluate_model(estimator=Pipeline(steps=[('dtypes',
                 DataTypes_Auto_infer(categorical_features=['gender',
                                                            'is_special_population',
                                                            'any_disability',
                                                            'MUNICIPIO_DE_RESIDENCIA',
                                                            'home_type',
                                                            'education_level',
                                                            'marital_status',
                                                            'PROFESION',
                                                            'total_depedants',
                                                            'ESTRATO_SOCIAL'],
                                      ml_usecase='regression',
                                      target='request_attend_per_day')),
                ('imputer',
                 Simple_Imputer(categorical_strategy='not_...
                                                 criterion='mse',
                                                 max_depth=None,
                                                 max_features='auto',
                                                 max_leaf_nodes=None,
                                                 max_samples=None,
                                                 min_impurity_decrease=0.0,
                                                 min_impurity_split=None,
                                                 min_samples_leaf=1,
                                                 min_samples_split=2,
                                                 min_weight_fraction_leaf=0.0,
                                                 n_estimators=100, n_jobs=-1,
                                                 oob_score=False,
                                                 random_state=1229,
                                                 regressor=ExtraTreesRegressor(n_jobs=-1,
                                                                               random_state=1229),
                                                 verbose=0,
                                                 warm_start=False)]]), fold=None, fit_kwargs=None, plot_kwargs=None, feature_name=None, groups=None, use_train_data=False)
2022-06-30 22:06:52,044:INFO:Initializing load_config()
2022-06-30 22:06:52,045:INFO:load_config(file_name=C:\Users\USUARIO\Documents\GitHub\Team_224\Proyecto\Models\model_selected_config)
2022-06-30 22:06:52,057:INFO:Global variables loaded from C:\Users\USUARIO\Documents\GitHub\Team_224\Proyecto\Models\model_selected_config
2022-06-30 22:06:52,058:INFO:Global variables set to match those in C:\Users\USUARIO\Documents\GitHub\Team_224\Proyecto\Models\model_selected_config
2022-06-30 22:06:52,058:INFO:load_config() succesfully completed......................................
2022-06-30 22:07:02,606:INFO:Initializing load_model()
2022-06-30 22:07:02,607:INFO:load_model(model_name=C:\Users\USUARIO\Documents\GitHub\Team_224\Proyecto\Models\model_selected_pipeline, platform=None, authentication=None, verbose=True)
2022-06-30 22:07:05,983:INFO:Initializing evaluate_model()
2022-06-30 22:07:05,983:INFO:evaluate_model(estimator=Pipeline(steps=[('dtypes',
                 DataTypes_Auto_infer(categorical_features=['gender',
                                                            'is_special_population',
                                                            'any_disability',
                                                            'MUNICIPIO_DE_RESIDENCIA',
                                                            'home_type',
                                                            'education_level',
                                                            'marital_status',
                                                            'PROFESION',
                                                            'total_depedants',
                                                            'ESTRATO_SOCIAL'],
                                      ml_usecase='regression',
                                      target='request_attend_per_day')),
                ('imputer',
                 Simple_Imputer(categorical_strategy='not_...
                                                 criterion='mse',
                                                 max_depth=None,
                                                 max_features='auto',
                                                 max_leaf_nodes=None,
                                                 max_samples=None,
                                                 min_impurity_decrease=0.0,
                                                 min_impurity_split=None,
                                                 min_samples_leaf=1,
                                                 min_samples_split=2,
                                                 min_weight_fraction_leaf=0.0,
                                                 n_estimators=100, n_jobs=-1,
                                                 oob_score=False,
                                                 random_state=1229,
                                                 regressor=ExtraTreesRegressor(n_jobs=-1,
                                                                               random_state=1229),
                                                 verbose=0,
                                                 warm_start=False)]]), fold=None, fit_kwargs=None, plot_kwargs=None, feature_name=None, groups=None, use_train_data=False)
2022-06-30 22:07:06,029:INFO:Initializing plot_model()
2022-06-30 22:07:06,029:INFO:plot_model(fold=KFold(n_splits=10, random_state=None, shuffle=False), use_train_data=False, verbose=True, is_in_evaluate=True, display=None, display_format=None, estimator=Pipeline(steps=[('dtypes',
                 DataTypes_Auto_infer(categorical_features=['gender',
                                                            'is_special_population',
                                                            'any_disability',
                                                            'MUNICIPIO_DE_RESIDENCIA',
                                                            'home_type',
                                                            'education_level',
                                                            'marital_status',
                                                            'PROFESION',
                                                            'total_depedants',
                                                            'ESTRATO_SOCIAL'],
                                      ml_usecase='regression',
                                      target='request_attend_per_day')),
                ('imputer',
                 Simple_Imputer(categorical_strategy='not_...
                                                 criterion='mse',
                                                 max_depth=None,
                                                 max_features='auto',
                                                 max_leaf_nodes=None,
                                                 max_samples=None,
                                                 min_impurity_decrease=0.0,
                                                 min_impurity_split=None,
                                                 min_samples_leaf=1,
                                                 min_samples_split=2,
                                                 min_weight_fraction_leaf=0.0,
                                                 n_estimators=100, n_jobs=-1,
                                                 oob_score=False,
                                                 random_state=1229,
                                                 regressor=ExtraTreesRegressor(n_jobs=-1,
                                                                               random_state=1229),
                                                 verbose=0,
                                                 warm_start=False)]]), feature_name=None, fit_kwargs={}, groups=None, label=False, plot=parameter, plot_kwargs={}, save=False, scale=1, system=True)
2022-06-30 22:07:06,029:INFO:Checking exceptions
2022-06-30 22:07:06,030:INFO:Preparing display monitor
2022-06-30 22:07:06,034:INFO:Preloading libraries
2022-06-30 22:07:06,066:INFO:Copying training dataset
2022-06-30 22:07:06,067:INFO:Copying test dataset
2022-06-30 22:07:06,067:INFO:Plot type: parameter
2022-06-30 22:07:06,076:INFO:Visual Rendered Successfully
2022-06-30 22:07:06,188:INFO:plot_model() succesfully completed......................................
2022-06-30 22:07:08,974:INFO:Initializing plot_model()
2022-06-30 22:07:08,974:INFO:plot_model(fold=KFold(n_splits=10, random_state=None, shuffle=False), use_train_data=False, verbose=True, is_in_evaluate=True, display=None, display_format=None, estimator=Pipeline(steps=[('dtypes',
                 DataTypes_Auto_infer(categorical_features=['gender',
                                                            'is_special_population',
                                                            'any_disability',
                                                            'MUNICIPIO_DE_RESIDENCIA',
                                                            'home_type',
                                                            'education_level',
                                                            'marital_status',
                                                            'PROFESION',
                                                            'total_depedants',
                                                            'ESTRATO_SOCIAL'],
                                      ml_usecase='regression',
                                      target='request_attend_per_day')),
                ('imputer',
                 Simple_Imputer(categorical_strategy='not_...
                                                 criterion='mse',
                                                 max_depth=None,
                                                 max_features='auto',
                                                 max_leaf_nodes=None,
                                                 max_samples=None,
                                                 min_impurity_decrease=0.0,
                                                 min_impurity_split=None,
                                                 min_samples_leaf=1,
                                                 min_samples_split=2,
                                                 min_weight_fraction_leaf=0.0,
                                                 n_estimators=100, n_jobs=-1,
                                                 oob_score=False,
                                                 random_state=1229,
                                                 regressor=ExtraTreesRegressor(n_jobs=-1,
                                                                               random_state=1229),
                                                 verbose=0,
                                                 warm_start=False)]]), feature_name=None, fit_kwargs={}, groups=None, label=False, plot=learning, plot_kwargs={}, save=False, scale=1, system=True)
2022-06-30 22:07:08,974:INFO:Checking exceptions
2022-06-30 22:07:08,975:INFO:Preparing display monitor
2022-06-30 22:07:08,981:INFO:Preloading libraries
2022-06-30 22:07:09,024:INFO:Copying training dataset
2022-06-30 22:07:09,025:INFO:Copying test dataset
2022-06-30 22:07:09,025:INFO:Plot type: learning
2022-06-30 22:07:09,074:INFO:Fitting Model
2022-06-30 22:07:10,579:INFO:Initializing plot_model()
2022-06-30 22:07:10,579:INFO:plot_model(fold=KFold(n_splits=10, random_state=None, shuffle=False), use_train_data=False, verbose=True, is_in_evaluate=True, display=None, display_format=None, estimator=Pipeline(steps=[('dtypes',
                 DataTypes_Auto_infer(categorical_features=['gender',
                                                            'is_special_population',
                                                            'any_disability',
                                                            'MUNICIPIO_DE_RESIDENCIA',
                                                            'home_type',
                                                            'education_level',
                                                            'marital_status',
                                                            'PROFESION',
                                                            'total_depedants',
                                                            'ESTRATO_SOCIAL'],
                                      ml_usecase='regression',
                                      target='request_attend_per_day')),
                ('imputer',
                 Simple_Imputer(categorical_strategy='not_...
                                                 criterion='mse',
                                                 max_depth=None,
                                                 max_features='auto',
                                                 max_leaf_nodes=None,
                                                 max_samples=None,
                                                 min_impurity_decrease=0.0,
                                                 min_impurity_split=None,
                                                 min_samples_leaf=1,
                                                 min_samples_split=2,
                                                 min_weight_fraction_leaf=0.0,
                                                 n_estimators=100, n_jobs=-1,
                                                 oob_score=False,
                                                 random_state=1229,
                                                 regressor=ExtraTreesRegressor(n_jobs=-1,
                                                                               random_state=1229),
                                                 verbose=0,
                                                 warm_start=False)]]), feature_name=None, fit_kwargs={}, groups=None, label=False, plot=residuals, plot_kwargs={}, save=False, scale=1, system=True)
2022-06-30 22:07:10,580:INFO:Checking exceptions
2022-06-30 22:07:10,580:INFO:Preparing display monitor
2022-06-30 22:07:10,588:INFO:Preloading libraries
2022-06-30 22:07:10,629:INFO:Copying training dataset
2022-06-30 22:07:10,629:INFO:Copying test dataset
2022-06-30 22:07:10,630:INFO:Plot type: residuals
2022-06-30 22:07:10,742:INFO:Fitting Model
2022-06-30 22:07:21,212:INFO:Initializing plot_model()
2022-06-30 22:07:21,212:INFO:plot_model(fold=KFold(n_splits=10, random_state=None, shuffle=False), use_train_data=False, verbose=True, is_in_evaluate=True, display=None, display_format=None, estimator=Pipeline(steps=[('dtypes',
                 DataTypes_Auto_infer(categorical_features=['gender',
                                                            'is_special_population',
                                                            'any_disability',
                                                            'MUNICIPIO_DE_RESIDENCIA',
                                                            'home_type',
                                                            'education_level',
                                                            'marital_status',
                                                            'PROFESION',
                                                            'total_depedants',
                                                            'ESTRATO_SOCIAL'],
                                      ml_usecase='regression',
                                      target='request_attend_per_day')),
                ('imputer',
                 Simple_Imputer(categorical_strategy='not_...
                                                 criterion='mse',
                                                 max_depth=None,
                                                 max_features='auto',
                                                 max_leaf_nodes=None,
                                                 max_samples=None,
                                                 min_impurity_decrease=0.0,
                                                 min_impurity_split=None,
                                                 min_samples_leaf=1,
                                                 min_samples_split=2,
                                                 min_weight_fraction_leaf=0.0,
                                                 n_estimators=100, n_jobs=-1,
                                                 oob_score=False,
                                                 random_state=1229,
                                                 regressor=ExtraTreesRegressor(n_jobs=-1,
                                                                               random_state=1229),
                                                 verbose=0,
                                                 warm_start=False)]]), feature_name=None, fit_kwargs={}, groups=None, label=False, plot=error, plot_kwargs={}, save=False, scale=1, system=True)
2022-06-30 22:07:21,213:INFO:Checking exceptions
2022-06-30 22:07:21,213:INFO:Preparing display monitor
2022-06-30 22:07:21,220:INFO:Preloading libraries
2022-06-30 22:07:21,257:INFO:Copying training dataset
2022-06-30 22:07:21,258:INFO:Copying test dataset
2022-06-30 22:07:21,258:INFO:Plot type: error
2022-06-30 22:07:21,262:INFO:Fitting Model
2022-06-30 22:07:22,494:INFO:Initializing plot_model()
2022-06-30 22:07:22,494:INFO:plot_model(fold=KFold(n_splits=10, random_state=None, shuffle=False), use_train_data=False, verbose=True, is_in_evaluate=True, display=None, display_format=None, estimator=Pipeline(steps=[('dtypes',
                 DataTypes_Auto_infer(categorical_features=['gender',
                                                            'is_special_population',
                                                            'any_disability',
                                                            'MUNICIPIO_DE_RESIDENCIA',
                                                            'home_type',
                                                            'education_level',
                                                            'marital_status',
                                                            'PROFESION',
                                                            'total_depedants',
                                                            'ESTRATO_SOCIAL'],
                                      ml_usecase='regression',
                                      target='request_attend_per_day')),
                ('imputer',
                 Simple_Imputer(categorical_strategy='not_...
                                                 criterion='mse',
                                                 max_depth=None,
                                                 max_features='auto',
                                                 max_leaf_nodes=None,
                                                 max_samples=None,
                                                 min_impurity_decrease=0.0,
                                                 min_impurity_split=None,
                                                 min_samples_leaf=1,
                                                 min_samples_split=2,
                                                 min_weight_fraction_leaf=0.0,
                                                 n_estimators=100, n_jobs=-1,
                                                 oob_score=False,
                                                 random_state=1229,
                                                 regressor=ExtraTreesRegressor(n_jobs=-1,
                                                                               random_state=1229),
                                                 verbose=0,
                                                 warm_start=False)]]), feature_name=None, fit_kwargs={}, groups=None, label=False, plot=cooks, plot_kwargs={}, save=False, scale=1, system=True)
2022-06-30 22:07:22,495:INFO:Checking exceptions
2022-06-30 22:07:22,495:INFO:Preparing display monitor
2022-06-30 22:07:22,502:INFO:Preloading libraries
2022-06-30 22:07:22,539:INFO:Copying training dataset
2022-06-30 22:07:22,540:INFO:Copying test dataset
2022-06-30 22:07:22,540:INFO:Plot type: cooks
2022-06-30 22:07:22,543:INFO:Fitting Model
2022-06-30 22:07:22,866:INFO:Visual Rendered Successfully
2022-06-30 22:07:22,987:INFO:plot_model() succesfully completed......................................
2022-06-30 22:07:25,327:INFO:Initializing plot_model()
2022-06-30 22:07:25,327:INFO:plot_model(fold=KFold(n_splits=10, random_state=None, shuffle=False), use_train_data=False, verbose=True, is_in_evaluate=True, display=None, display_format=None, estimator=Pipeline(steps=[('dtypes',
                 DataTypes_Auto_infer(categorical_features=['gender',
                                                            'is_special_population',
                                                            'any_disability',
                                                            'MUNICIPIO_DE_RESIDENCIA',
                                                            'home_type',
                                                            'education_level',
                                                            'marital_status',
                                                            'PROFESION',
                                                            'total_depedants',
                                                            'ESTRATO_SOCIAL'],
                                      ml_usecase='regression',
                                      target='request_attend_per_day')),
                ('imputer',
                 Simple_Imputer(categorical_strategy='not_...
                                                 criterion='mse',
                                                 max_depth=None,
                                                 max_features='auto',
                                                 max_leaf_nodes=None,
                                                 max_samples=None,
                                                 min_impurity_decrease=0.0,
                                                 min_impurity_split=None,
                                                 min_samples_leaf=1,
                                                 min_samples_split=2,
                                                 min_weight_fraction_leaf=0.0,
                                                 n_estimators=100, n_jobs=-1,
                                                 oob_score=False,
                                                 random_state=1229,
                                                 regressor=ExtraTreesRegressor(n_jobs=-1,
                                                                               random_state=1229),
                                                 verbose=0,
                                                 warm_start=False)]]), feature_name=None, fit_kwargs={}, groups=None, label=False, plot=vc, plot_kwargs={}, save=False, scale=1, system=True)
2022-06-30 22:07:25,328:INFO:Checking exceptions
2022-06-30 22:07:25,328:INFO:Preparing display monitor
2022-06-30 22:07:25,335:INFO:Preloading libraries
2022-06-30 22:07:25,373:INFO:Copying training dataset
2022-06-30 22:07:25,374:INFO:Copying test dataset
2022-06-30 22:07:25,375:INFO:Plot type: vc
2022-06-30 22:07:25,377:INFO:Determining param_name
2022-06-30 22:11:08,504:INFO:Initializing evaluate_model()
2022-06-30 22:11:08,504:INFO:evaluate_model(estimator=Pipeline(steps=[('dtypes',
                 DataTypes_Auto_infer(categorical_features=['gender',
                                                            'is_special_population',
                                                            'any_disability',
                                                            'MUNICIPIO_DE_RESIDENCIA',
                                                            'home_type',
                                                            'education_level',
                                                            'marital_status',
                                                            'PROFESION',
                                                            'total_depedants',
                                                            'ESTRATO_SOCIAL'],
                                      ml_usecase='regression',
                                      target='request_attend_per_day')),
                ('imputer',
                 Simple_Imputer(categorical_strategy='not_...
                                                 criterion='mse',
                                                 max_depth=None,
                                                 max_features='auto',
                                                 max_leaf_nodes=None,
                                                 max_samples=None,
                                                 min_impurity_decrease=0.0,
                                                 min_impurity_split=None,
                                                 min_samples_leaf=1,
                                                 min_samples_split=2,
                                                 min_weight_fraction_leaf=0.0,
                                                 n_estimators=100, n_jobs=-1,
                                                 oob_score=False,
                                                 random_state=1229,
                                                 regressor=ExtraTreesRegressor(n_jobs=-1,
                                                                               random_state=1229),
                                                 verbose=0,
                                                 warm_start=False)]]), fold=None, fit_kwargs=None, plot_kwargs=None, feature_name=None, groups=None, use_train_data=False)
2022-06-30 22:11:08,568:INFO:Initializing plot_model()
2022-06-30 22:11:08,568:INFO:plot_model(fold=KFold(n_splits=10, random_state=None, shuffle=False), use_train_data=False, verbose=True, is_in_evaluate=True, display=None, display_format=None, estimator=Pipeline(steps=[('dtypes',
                 DataTypes_Auto_infer(categorical_features=['gender',
                                                            'is_special_population',
                                                            'any_disability',
                                                            'MUNICIPIO_DE_RESIDENCIA',
                                                            'home_type',
                                                            'education_level',
                                                            'marital_status',
                                                            'PROFESION',
                                                            'total_depedants',
                                                            'ESTRATO_SOCIAL'],
                                      ml_usecase='regression',
                                      target='request_attend_per_day')),
                ('imputer',
                 Simple_Imputer(categorical_strategy='not_...
                                                 criterion='mse',
                                                 max_depth=None,
                                                 max_features='auto',
                                                 max_leaf_nodes=None,
                                                 max_samples=None,
                                                 min_impurity_decrease=0.0,
                                                 min_impurity_split=None,
                                                 min_samples_leaf=1,
                                                 min_samples_split=2,
                                                 min_weight_fraction_leaf=0.0,
                                                 n_estimators=100, n_jobs=-1,
                                                 oob_score=False,
                                                 random_state=1229,
                                                 regressor=ExtraTreesRegressor(n_jobs=-1,
                                                                               random_state=1229),
                                                 verbose=0,
                                                 warm_start=False)]]), feature_name=None, fit_kwargs={}, groups=None, label=False, plot=parameter, plot_kwargs={}, save=False, scale=1, system=True)
2022-06-30 22:11:08,568:INFO:Checking exceptions
2022-06-30 22:11:08,569:INFO:Preparing display monitor
2022-06-30 22:11:08,574:INFO:Preloading libraries
2022-06-30 22:11:08,609:INFO:Copying training dataset
2022-06-30 22:11:08,609:INFO:Copying test dataset
2022-06-30 22:11:08,610:INFO:Plot type: parameter
2022-06-30 22:11:08,619:INFO:Visual Rendered Successfully
2022-06-30 22:11:08,749:INFO:plot_model() succesfully completed......................................
2022-06-30 22:12:11,349:INFO:Initializing predict_model()
2022-06-30 22:12:11,349:INFO:predict_model(estimator=Pipeline(steps=[('dtypes',
                 DataTypes_Auto_infer(categorical_features=['gender',
                                                            'is_special_population',
                                                            'any_disability',
                                                            'MUNICIPIO_DE_RESIDENCIA',
                                                            'home_type',
                                                            'education_level',
                                                            'marital_status',
                                                            'PROFESION',
                                                            'total_depedants',
                                                            'ESTRATO_SOCIAL'],
                                      ml_usecase='regression',
                                      target='request_attend_per_day')),
                ('imputer',
                 Simple_Imputer(categorical_strategy='not_...
                                                 criterion='mse',
                                                 max_depth=None,
                                                 max_features='auto',
                                                 max_leaf_nodes=None,
                                                 max_samples=None,
                                                 min_impurity_decrease=0.0,
                                                 min_impurity_split=None,
                                                 min_samples_leaf=1,
                                                 min_samples_split=2,
                                                 min_weight_fraction_leaf=0.0,
                                                 n_estimators=100, n_jobs=-1,
                                                 oob_score=False,
                                                 random_state=1229,
                                                 regressor=ExtraTreesRegressor(n_jobs=-1,
                                                                               random_state=1229),
                                                 verbose=0,
                                                 warm_start=False)]]), probability_threshold=None, encoded_labels=True, drift_report=False, raw_score=False, round=4, verbose=True, ml_usecase=MLUsecase.REGRESSION, display=None, drift_kwargs=None)
2022-06-30 22:12:11,349:INFO:Checking exceptions
2022-06-30 22:12:11,349:INFO:Preloading libraries
2022-06-30 22:12:11,349:INFO:Preparing display monitor
2022-06-30 22:12:25,743:INFO:Initializing predict_model()
2022-06-30 22:12:25,743:INFO:predict_model(estimator=Pipeline(steps=[('dtypes',
                 DataTypes_Auto_infer(categorical_features=['gender',
                                                            'is_special_population',
                                                            'any_disability',
                                                            'MUNICIPIO_DE_RESIDENCIA',
                                                            'home_type',
                                                            'education_level',
                                                            'marital_status',
                                                            'PROFESION',
                                                            'total_depedants',
                                                            'ESTRATO_SOCIAL'],
                                      ml_usecase='regression',
                                      target='request_attend_per_day')),
                ('imputer',
                 Simple_Imputer(categorical_strategy='not_...
                                                 criterion='mse',
                                                 max_depth=None,
                                                 max_features='auto',
                                                 max_leaf_nodes=None,
                                                 max_samples=None,
                                                 min_impurity_decrease=0.0,
                                                 min_impurity_split=None,
                                                 min_samples_leaf=1,
                                                 min_samples_split=2,
                                                 min_weight_fraction_leaf=0.0,
                                                 n_estimators=100, n_jobs=-1,
                                                 oob_score=False,
                                                 random_state=1229,
                                                 regressor=ExtraTreesRegressor(n_jobs=-1,
                                                                               random_state=1229),
                                                 verbose=0,
                                                 warm_start=False)]]), probability_threshold=None, encoded_labels=True, drift_report=False, raw_score=False, round=4, verbose=True, ml_usecase=MLUsecase.REGRESSION, display=None, drift_kwargs=None)
2022-06-30 22:12:25,743:INFO:Checking exceptions
2022-06-30 22:12:25,743:INFO:Preloading libraries
2022-06-30 22:12:25,743:INFO:Preparing display monitor
2022-06-30 22:12:41,399:INFO:Initializing predict_model()
2022-06-30 22:12:41,399:INFO:predict_model(estimator=Pipeline(steps=[('dtypes',
                 DataTypes_Auto_infer(categorical_features=['gender',
                                                            'is_special_population',
                                                            'any_disability',
                                                            'MUNICIPIO_DE_RESIDENCIA',
                                                            'home_type',
                                                            'education_level',
                                                            'marital_status',
                                                            'PROFESION',
                                                            'total_depedants',
                                                            'ESTRATO_SOCIAL'],
                                      ml_usecase='regression',
                                      target='request_attend_per_day')),
                ('imputer',
                 Simple_Imputer(categorical_strategy='not_...
                                                 criterion='mse',
                                                 max_depth=None,
                                                 max_features='auto',
                                                 max_leaf_nodes=None,
                                                 max_samples=None,
                                                 min_impurity_decrease=0.0,
                                                 min_impurity_split=None,
                                                 min_samples_leaf=1,
                                                 min_samples_split=2,
                                                 min_weight_fraction_leaf=0.0,
                                                 n_estimators=100, n_jobs=-1,
                                                 oob_score=False,
                                                 random_state=1229,
                                                 regressor=ExtraTreesRegressor(n_jobs=-1,
                                                                               random_state=1229),
                                                 verbose=0,
                                                 warm_start=False)]]), probability_threshold=None, encoded_labels=True, drift_report=False, raw_score=False, round=4, verbose=True, ml_usecase=MLUsecase.REGRESSION, display=None, drift_kwargs=None)
2022-06-30 22:12:41,399:INFO:Checking exceptions
2022-06-30 22:12:41,399:INFO:Preloading libraries
2022-06-30 22:12:41,400:INFO:Preparing display monitor
2022-06-30 22:13:34,415:INFO:Initializing predict_model()
2022-06-30 22:13:34,415:INFO:predict_model(estimator=Pipeline(steps=[('dtypes',
                 DataTypes_Auto_infer(categorical_features=['gender',
                                                            'is_special_population',
                                                            'any_disability',
                                                            'MUNICIPIO_DE_RESIDENCIA',
                                                            'home_type',
                                                            'education_level',
                                                            'marital_status',
                                                            'PROFESION',
                                                            'total_depedants',
                                                            'ESTRATO_SOCIAL'],
                                      ml_usecase='regression',
                                      target='request_attend_per_day')),
                ('imputer',
                 Simple_Imputer(categorical_strategy='not_...
                                                 criterion='mse',
                                                 max_depth=None,
                                                 max_features='auto',
                                                 max_leaf_nodes=None,
                                                 max_samples=None,
                                                 min_impurity_decrease=0.0,
                                                 min_impurity_split=None,
                                                 min_samples_leaf=1,
                                                 min_samples_split=2,
                                                 min_weight_fraction_leaf=0.0,
                                                 n_estimators=100, n_jobs=-1,
                                                 oob_score=False,
                                                 random_state=1229,
                                                 regressor=ExtraTreesRegressor(n_jobs=-1,
                                                                               random_state=1229),
                                                 verbose=0,
                                                 warm_start=False)]]), probability_threshold=None, encoded_labels=True, drift_report=False, raw_score=False, round=4, verbose=True, ml_usecase=MLUsecase.REGRESSION, display=None, drift_kwargs=None)
2022-06-30 22:13:34,415:INFO:Checking exceptions
2022-06-30 22:13:34,415:INFO:Preloading libraries
2022-06-30 22:13:34,415:INFO:Preparing display monitor
2022-06-30 22:13:45,006:INFO:Initializing predict_model()
2022-06-30 22:13:45,006:INFO:predict_model(estimator=Pipeline(steps=[('dtypes',
                 DataTypes_Auto_infer(categorical_features=['gender',
                                                            'is_special_population',
                                                            'any_disability',
                                                            'MUNICIPIO_DE_RESIDENCIA',
                                                            'home_type',
                                                            'education_level',
                                                            'marital_status',
                                                            'PROFESION',
                                                            'total_depedants',
                                                            'ESTRATO_SOCIAL'],
                                      ml_usecase='regression',
                                      target='request_attend_per_day')),
                ('imputer',
                 Simple_Imputer(categorical_strategy='not_...
                                                 criterion='mse',
                                                 max_depth=None,
                                                 max_features='auto',
                                                 max_leaf_nodes=None,
                                                 max_samples=None,
                                                 min_impurity_decrease=0.0,
                                                 min_impurity_split=None,
                                                 min_samples_leaf=1,
                                                 min_samples_split=2,
                                                 min_weight_fraction_leaf=0.0,
                                                 n_estimators=100, n_jobs=-1,
                                                 oob_score=False,
                                                 random_state=1229,
                                                 regressor=ExtraTreesRegressor(n_jobs=-1,
                                                                               random_state=1229),
                                                 verbose=0,
                                                 warm_start=False)]]), probability_threshold=None, encoded_labels=True, drift_report=False, raw_score=False, round=4, verbose=True, ml_usecase=MLUsecase.REGRESSION, display=None, drift_kwargs=None)
2022-06-30 22:13:45,006:INFO:Checking exceptions
2022-06-30 22:13:45,006:INFO:Preloading libraries
2022-06-30 22:13:45,006:INFO:Preparing display monitor
2022-06-30 22:14:13,861:INFO:Initializing predict_model()
2022-06-30 22:14:13,862:INFO:predict_model(estimator=Pipeline(steps=[('dtypes',
                 DataTypes_Auto_infer(categorical_features=['gender',
                                                            'is_special_population',
                                                            'any_disability',
                                                            'MUNICIPIO_DE_RESIDENCIA',
                                                            'home_type',
                                                            'education_level',
                                                            'marital_status',
                                                            'PROFESION',
                                                            'total_depedants',
                                                            'ESTRATO_SOCIAL'],
                                      ml_usecase='regression',
                                      target='request_attend_per_day')),
                ('imputer',
                 Simple_Imputer(categorical_strategy='not_...
                                                 criterion='mse',
                                                 max_depth=None,
                                                 max_features='auto',
                                                 max_leaf_nodes=None,
                                                 max_samples=None,
                                                 min_impurity_decrease=0.0,
                                                 min_impurity_split=None,
                                                 min_samples_leaf=1,
                                                 min_samples_split=2,
                                                 min_weight_fraction_leaf=0.0,
                                                 n_estimators=100, n_jobs=-1,
                                                 oob_score=False,
                                                 random_state=1229,
                                                 regressor=ExtraTreesRegressor(n_jobs=-1,
                                                                               random_state=1229),
                                                 verbose=0,
                                                 warm_start=False)]]), probability_threshold=None, encoded_labels=True, drift_report=False, raw_score=False, round=4, verbose=True, ml_usecase=MLUsecase.REGRESSION, display=None, drift_kwargs=None)
2022-06-30 22:14:13,862:INFO:Checking exceptions
2022-06-30 22:14:13,862:INFO:Preloading libraries
2022-06-30 22:14:13,862:INFO:Preparing display monitor
2022-06-30 22:14:25,597:INFO:Initializing predict_model()
2022-06-30 22:14:25,598:INFO:predict_model(estimator=Pipeline(steps=[('dtypes',
                 DataTypes_Auto_infer(categorical_features=['gender',
                                                            'is_special_population',
                                                            'any_disability',
                                                            'MUNICIPIO_DE_RESIDENCIA',
                                                            'home_type',
                                                            'education_level',
                                                            'marital_status',
                                                            'PROFESION',
                                                            'total_depedants',
                                                            'ESTRATO_SOCIAL'],
                                      ml_usecase='regression',
                                      target='request_attend_per_day')),
                ('imputer',
                 Simple_Imputer(categorical_strategy='not_...
                                                 criterion='mse',
                                                 max_depth=None,
                                                 max_features='auto',
                                                 max_leaf_nodes=None,
                                                 max_samples=None,
                                                 min_impurity_decrease=0.0,
                                                 min_impurity_split=None,
                                                 min_samples_leaf=1,
                                                 min_samples_split=2,
                                                 min_weight_fraction_leaf=0.0,
                                                 n_estimators=100, n_jobs=-1,
                                                 oob_score=False,
                                                 random_state=1229,
                                                 regressor=ExtraTreesRegressor(n_jobs=-1,
                                                                               random_state=1229),
                                                 verbose=0,
                                                 warm_start=False)]]), probability_threshold=None, encoded_labels=True, drift_report=False, raw_score=False, round=4, verbose=True, ml_usecase=MLUsecase.REGRESSION, display=None, drift_kwargs=None)
2022-06-30 22:14:25,598:INFO:Checking exceptions
2022-06-30 22:14:25,598:INFO:Preloading libraries
2022-06-30 22:14:25,598:INFO:Preparing display monitor
2022-06-30 22:14:41,671:INFO:Initializing predict_model()
2022-06-30 22:14:41,671:INFO:predict_model(estimator=Pipeline(steps=[('dtypes',
                 DataTypes_Auto_infer(categorical_features=['gender',
                                                            'is_special_population',
                                                            'any_disability',
                                                            'MUNICIPIO_DE_RESIDENCIA',
                                                            'home_type',
                                                            'education_level',
                                                            'marital_status',
                                                            'PROFESION',
                                                            'total_depedants',
                                                            'ESTRATO_SOCIAL'],
                                      ml_usecase='regression',
                                      target='request_attend_per_day')),
                ('imputer',
                 Simple_Imputer(categorical_strategy='not_...
                                                 criterion='mse',
                                                 max_depth=None,
                                                 max_features='auto',
                                                 max_leaf_nodes=None,
                                                 max_samples=None,
                                                 min_impurity_decrease=0.0,
                                                 min_impurity_split=None,
                                                 min_samples_leaf=1,
                                                 min_samples_split=2,
                                                 min_weight_fraction_leaf=0.0,
                                                 n_estimators=100, n_jobs=-1,
                                                 oob_score=False,
                                                 random_state=1229,
                                                 regressor=ExtraTreesRegressor(n_jobs=-1,
                                                                               random_state=1229),
                                                 verbose=0,
                                                 warm_start=False)]]), probability_threshold=None, encoded_labels=True, drift_report=False, raw_score=False, round=4, verbose=True, ml_usecase=MLUsecase.REGRESSION, display=None, drift_kwargs=None)
2022-06-30 22:14:41,671:INFO:Checking exceptions
2022-06-30 22:14:41,671:INFO:Preloading libraries
2022-06-30 22:14:41,672:INFO:Preparing display monitor
2022-06-30 22:15:13,455:INFO:Initializing predict_model()
2022-06-30 22:15:13,455:INFO:predict_model(estimator=Pipeline(steps=[('dtypes',
                 DataTypes_Auto_infer(categorical_features=['gender',
                                                            'is_special_population',
                                                            'any_disability',
                                                            'MUNICIPIO_DE_RESIDENCIA',
                                                            'home_type',
                                                            'education_level',
                                                            'marital_status',
                                                            'PROFESION',
                                                            'total_depedants',
                                                            'ESTRATO_SOCIAL'],
                                      ml_usecase='regression',
                                      target='request_attend_per_day')),
                ('imputer',
                 Simple_Imputer(categorical_strategy='not_...
                                                 criterion='mse',
                                                 max_depth=None,
                                                 max_features='auto',
                                                 max_leaf_nodes=None,
                                                 max_samples=None,
                                                 min_impurity_decrease=0.0,
                                                 min_impurity_split=None,
                                                 min_samples_leaf=1,
                                                 min_samples_split=2,
                                                 min_weight_fraction_leaf=0.0,
                                                 n_estimators=100, n_jobs=-1,
                                                 oob_score=False,
                                                 random_state=1229,
                                                 regressor=ExtraTreesRegressor(n_jobs=-1,
                                                                               random_state=1229),
                                                 verbose=0,
                                                 warm_start=False)]]), probability_threshold=None, encoded_labels=True, drift_report=False, raw_score=False, round=4, verbose=True, ml_usecase=MLUsecase.REGRESSION, display=None, drift_kwargs=None)
2022-06-30 22:15:13,455:INFO:Checking exceptions
2022-06-30 22:15:13,455:INFO:Preloading libraries
2022-06-30 22:15:13,455:INFO:Preparing display monitor
2022-06-30 22:24:21,602:INFO:Initializing load_config()
2022-06-30 22:24:21,602:INFO:load_config(file_name=C:\Users\USUARIO\Documents\GitHub\Team_224\Proyecto\Models\model_selected_config)
2022-06-30 22:24:21,614:INFO:Global variables loaded from C:\Users\USUARIO\Documents\GitHub\Team_224\Proyecto\Models\model_selected_config
2022-06-30 22:24:21,615:INFO:Global variables set to match those in C:\Users\USUARIO\Documents\GitHub\Team_224\Proyecto\Models\model_selected_config
2022-06-30 22:24:21,615:INFO:load_config() succesfully completed......................................
2022-06-30 22:28:08,611:INFO:Initializing evaluate_model()
2022-06-30 22:28:08,611:INFO:evaluate_model(estimator=Pipeline(steps=[('dtypes',
                 DataTypes_Auto_infer(categorical_features=['gender',
                                                            'is_special_population',
                                                            'any_disability',
                                                            'MUNICIPIO_DE_RESIDENCIA',
                                                            'home_type',
                                                            'education_level',
                                                            'marital_status',
                                                            'PROFESION',
                                                            'total_depedants',
                                                            'ESTRATO_SOCIAL'],
                                      ml_usecase='regression',
                                      target='request_attend_per_day')),
                ('imputer',
                 Simple_Imputer(categorical_strategy='not_...
                                                 criterion='mse',
                                                 max_depth=None,
                                                 max_features='auto',
                                                 max_leaf_nodes=None,
                                                 max_samples=None,
                                                 min_impurity_decrease=0.0,
                                                 min_impurity_split=None,
                                                 min_samples_leaf=1,
                                                 min_samples_split=2,
                                                 min_weight_fraction_leaf=0.0,
                                                 n_estimators=100, n_jobs=-1,
                                                 oob_score=False,
                                                 random_state=1229,
                                                 regressor=ExtraTreesRegressor(n_jobs=-1,
                                                                               random_state=1229),
                                                 verbose=0,
                                                 warm_start=False)]]), fold=None, fit_kwargs=None, plot_kwargs=None, feature_name=None, groups=None, use_train_data=False)
2022-06-30 22:28:08,676:INFO:Initializing plot_model()
2022-06-30 22:28:08,677:INFO:plot_model(fold=KFold(n_splits=10, random_state=None, shuffle=False), use_train_data=False, verbose=True, is_in_evaluate=True, display=None, display_format=None, estimator=Pipeline(steps=[('dtypes',
                 DataTypes_Auto_infer(categorical_features=['gender',
                                                            'is_special_population',
                                                            'any_disability',
                                                            'MUNICIPIO_DE_RESIDENCIA',
                                                            'home_type',
                                                            'education_level',
                                                            'marital_status',
                                                            'PROFESION',
                                                            'total_depedants',
                                                            'ESTRATO_SOCIAL'],
                                      ml_usecase='regression',
                                      target='request_attend_per_day')),
                ('imputer',
                 Simple_Imputer(categorical_strategy='not_...
                                                 criterion='mse',
                                                 max_depth=None,
                                                 max_features='auto',
                                                 max_leaf_nodes=None,
                                                 max_samples=None,
                                                 min_impurity_decrease=0.0,
                                                 min_impurity_split=None,
                                                 min_samples_leaf=1,
                                                 min_samples_split=2,
                                                 min_weight_fraction_leaf=0.0,
                                                 n_estimators=100, n_jobs=-1,
                                                 oob_score=False,
                                                 random_state=1229,
                                                 regressor=ExtraTreesRegressor(n_jobs=-1,
                                                                               random_state=1229),
                                                 verbose=0,
                                                 warm_start=False)]]), feature_name=None, fit_kwargs={}, groups=None, label=False, plot=parameter, plot_kwargs={}, save=False, scale=1, system=True)
2022-06-30 22:28:08,677:INFO:Checking exceptions
2022-06-30 22:28:08,677:INFO:Preparing display monitor
2022-06-30 22:28:08,685:INFO:Preloading libraries
2022-06-30 22:28:08,726:INFO:Copying training dataset
2022-06-30 22:28:08,726:INFO:Copying test dataset
2022-06-30 22:28:08,727:INFO:Plot type: parameter
2022-06-30 22:28:08,735:INFO:Visual Rendered Successfully
2022-06-30 22:28:08,864:INFO:plot_model() succesfully completed......................................
2022-06-30 22:28:25,458:INFO:Initializing load_model()
2022-06-30 22:28:25,458:INFO:load_model(model_name=C:\Users\USUARIO\Documents\GitHub\Team_224\Proyecto\Models\model_selected_pipeline, platform=None, authentication=None, verbose=True)
2022-06-30 22:28:38,284:INFO:Initializing predict_model()
2022-06-30 22:28:38,285:INFO:predict_model(estimator=Pipeline(steps=[('dtypes',
                 DataTypes_Auto_infer(categorical_features=['gender',
                                                            'is_special_population',
                                                            'any_disability',
                                                            'MUNICIPIO_DE_RESIDENCIA',
                                                            'home_type',
                                                            'education_level',
                                                            'marital_status',
                                                            'PROFESION',
                                                            'total_depedants',
                                                            'ESTRATO_SOCIAL'],
                                      ml_usecase='regression',
                                      target='request_attend_per_day')),
                ('imputer',
                 Simple_Imputer(categorical_strategy='not_...
                                                 criterion='mse',
                                                 max_depth=None,
                                                 max_features='auto',
                                                 max_leaf_nodes=None,
                                                 max_samples=None,
                                                 min_impurity_decrease=0.0,
                                                 min_impurity_split=None,
                                                 min_samples_leaf=1,
                                                 min_samples_split=2,
                                                 min_weight_fraction_leaf=0.0,
                                                 n_estimators=100, n_jobs=-1,
                                                 oob_score=False,
                                                 random_state=1229,
                                                 regressor=ExtraTreesRegressor(n_jobs=-1,
                                                                               random_state=1229),
                                                 verbose=0,
                                                 warm_start=False)]]), probability_threshold=None, encoded_labels=True, drift_report=False, raw_score=False, round=4, verbose=True, ml_usecase=MLUsecase.REGRESSION, display=None, drift_kwargs=None)
2022-06-30 22:28:38,285:INFO:Checking exceptions
2022-06-30 22:28:38,285:INFO:Preloading libraries
2022-06-30 22:28:38,285:INFO:Preparing display monitor
2022-06-30 22:30:46,699:INFO:Initializing evaluate_model()
2022-06-30 22:30:46,699:INFO:evaluate_model(estimator=PowerTransformedTargetRegressor(bootstrap=False, ccp_alpha=0.0, criterion='mse',
                                max_depth=None, max_features='auto',
                                max_leaf_nodes=None, max_samples=None,
                                min_impurity_decrease=0.0,
                                min_impurity_split=None, min_samples_leaf=1,
                                min_samples_split=2,
                                min_weight_fraction_leaf=0.0, n_estimators=100,
                                n_jobs=-1, oob_score=False, random_state=1229,
                                regressor=ExtraTreesRegressor(n_jobs=-1,
                                                              random_state=1229),
                                verbose=0, warm_start=False), fold=None, fit_kwargs=None, plot_kwargs=None, feature_name=None, groups=None, use_train_data=False)
2022-06-30 22:30:46,711:INFO:Initializing plot_model()
2022-06-30 22:30:46,711:INFO:plot_model(fold=KFold(n_splits=10, random_state=None, shuffle=False), use_train_data=False, verbose=True, is_in_evaluate=True, display=None, display_format=None, estimator=PowerTransformedTargetRegressor(bootstrap=False, ccp_alpha=0.0, criterion='mse',
                                max_depth=None, max_features='auto',
                                max_leaf_nodes=None, max_samples=None,
                                min_impurity_decrease=0.0,
                                min_impurity_split=None, min_samples_leaf=1,
                                min_samples_split=2,
                                min_weight_fraction_leaf=0.0, n_estimators=100,
                                n_jobs=-1, oob_score=False, random_state=1229,
                                regressor=ExtraTreesRegressor(n_jobs=-1,
                                                              random_state=1229),
                                verbose=0, warm_start=False), feature_name=None, fit_kwargs={}, groups=None, label=False, plot=parameter, plot_kwargs={}, save=False, scale=1, system=True)
2022-06-30 22:30:46,711:INFO:Checking exceptions
2022-06-30 22:30:46,816:INFO:Preparing display monitor
2022-06-30 22:30:46,824:INFO:Preloading libraries
2022-06-30 22:30:46,855:INFO:Copying training dataset
2022-06-30 22:30:46,856:INFO:Copying test dataset
2022-06-30 22:30:46,856:INFO:Plot type: parameter
2022-06-30 22:30:46,860:INFO:Visual Rendered Successfully
2022-06-30 22:30:46,982:INFO:plot_model() succesfully completed......................................
2022-06-30 22:30:48,715:INFO:Initializing plot_model()
2022-06-30 22:30:48,715:INFO:plot_model(fold=KFold(n_splits=10, random_state=None, shuffle=False), use_train_data=False, verbose=True, is_in_evaluate=True, display=None, display_format=None, estimator=PowerTransformedTargetRegressor(bootstrap=False, ccp_alpha=0.0, criterion='mse',
                                max_depth=None, max_features='auto',
                                max_leaf_nodes=None, max_samples=None,
                                min_impurity_decrease=0.0,
                                min_impurity_split=None, min_samples_leaf=1,
                                min_samples_split=2,
                                min_weight_fraction_leaf=0.0, n_estimators=100,
                                n_jobs=-1, oob_score=False, random_state=1229,
                                regressor=ExtraTreesRegressor(n_jobs=-1,
                                                              random_state=1229),
                                verbose=0, warm_start=False), feature_name=None, fit_kwargs={}, groups=None, label=False, plot=residuals, plot_kwargs={}, save=False, scale=1, system=True)
2022-06-30 22:30:48,715:INFO:Checking exceptions
2022-06-30 22:30:48,833:INFO:Preparing display monitor
2022-06-30 22:30:48,839:INFO:Preloading libraries
2022-06-30 22:30:48,856:INFO:Copying training dataset
2022-06-30 22:30:48,856:INFO:Copying test dataset
2022-06-30 22:30:48,856:INFO:Plot type: residuals
2022-06-30 22:30:48,875:INFO:Fitting Model
2022-06-30 22:30:49,122:INFO:Scoring test/hold-out set
2022-06-30 22:30:49,656:INFO:Visual Rendered Successfully
2022-06-30 22:30:49,781:INFO:plot_model() succesfully completed......................................
2022-06-30 22:32:48,795:INFO:Initializing plot_model()
2022-06-30 22:32:48,796:INFO:plot_model(fold=KFold(n_splits=10, random_state=None, shuffle=False), use_train_data=False, verbose=True, is_in_evaluate=True, display=None, display_format=None, estimator=PowerTransformedTargetRegressor(bootstrap=False, ccp_alpha=0.0, criterion='mse',
                                max_depth=None, max_features='auto',
                                max_leaf_nodes=None, max_samples=None,
                                min_impurity_decrease=0.0,
                                min_impurity_split=None, min_samples_leaf=1,
                                min_samples_split=2,
                                min_weight_fraction_leaf=0.0, n_estimators=100,
                                n_jobs=-1, oob_score=False, random_state=1229,
                                regressor=ExtraTreesRegressor(n_jobs=-1,
                                                              random_state=1229),
                                verbose=0, warm_start=False), feature_name=None, fit_kwargs={}, groups=None, label=False, plot=error, plot_kwargs={}, save=False, scale=1, system=True)
2022-06-30 22:32:48,796:INFO:Checking exceptions
2022-06-30 22:32:48,908:INFO:Preparing display monitor
2022-06-30 22:32:48,914:INFO:Preloading libraries
2022-06-30 22:32:48,933:INFO:Copying training dataset
2022-06-30 22:32:48,945:INFO:Copying test dataset
2022-06-30 22:32:48,945:INFO:Plot type: error
2022-06-30 22:32:48,947:INFO:Fitting Model
2022-06-30 22:32:48,948:INFO:Scoring test/hold-out set
2022-06-30 22:32:49,328:INFO:Visual Rendered Successfully
2022-06-30 22:32:49,466:INFO:plot_model() succesfully completed......................................
2022-06-30 22:32:58,083:INFO:Initializing plot_model()
2022-06-30 22:32:58,084:INFO:plot_model(fold=KFold(n_splits=10, random_state=None, shuffle=False), use_train_data=False, verbose=True, is_in_evaluate=True, display=None, display_format=None, estimator=PowerTransformedTargetRegressor(bootstrap=False, ccp_alpha=0.0, criterion='mse',
                                max_depth=None, max_features='auto',
                                max_leaf_nodes=None, max_samples=None,
                                min_impurity_decrease=0.0,
                                min_impurity_split=None, min_samples_leaf=1,
                                min_samples_split=2,
                                min_weight_fraction_leaf=0.0, n_estimators=100,
                                n_jobs=-1, oob_score=False, random_state=1229,
                                regressor=ExtraTreesRegressor(n_jobs=-1,
                                                              random_state=1229),
                                verbose=0, warm_start=False), feature_name=None, fit_kwargs={}, groups=None, label=False, plot=cooks, plot_kwargs={}, save=False, scale=1, system=True)
2022-06-30 22:32:58,084:INFO:Checking exceptions
2022-06-30 22:32:58,204:INFO:Preparing display monitor
2022-06-30 22:32:58,209:INFO:Preloading libraries
2022-06-30 22:32:58,227:INFO:Copying training dataset
2022-06-30 22:32:58,227:INFO:Copying test dataset
2022-06-30 22:32:58,227:INFO:Plot type: cooks
2022-06-30 22:32:58,229:INFO:Fitting Model
2022-06-30 22:32:58,426:INFO:Visual Rendered Successfully
2022-06-30 22:32:58,550:INFO:plot_model() succesfully completed......................................
2022-06-30 22:33:00,435:INFO:Initializing plot_model()
2022-06-30 22:33:00,435:INFO:plot_model(fold=KFold(n_splits=10, random_state=None, shuffle=False), use_train_data=False, verbose=True, is_in_evaluate=True, display=None, display_format=None, estimator=PowerTransformedTargetRegressor(bootstrap=False, ccp_alpha=0.0, criterion='mse',
                                max_depth=None, max_features='auto',
                                max_leaf_nodes=None, max_samples=None,
                                min_impurity_decrease=0.0,
                                min_impurity_split=None, min_samples_leaf=1,
                                min_samples_split=2,
                                min_weight_fraction_leaf=0.0, n_estimators=100,
                                n_jobs=-1, oob_score=False, random_state=1229,
                                regressor=ExtraTreesRegressor(n_jobs=-1,
                                                              random_state=1229),
                                verbose=0, warm_start=False), feature_name=None, fit_kwargs={}, groups=None, label=False, plot=rfe, plot_kwargs={}, save=False, scale=1, system=True)
2022-06-30 22:33:00,436:INFO:Checking exceptions
2022-06-30 22:33:00,548:INFO:Preparing display monitor
2022-06-30 22:33:00,553:INFO:Preloading libraries
2022-06-30 22:33:00,573:INFO:Copying training dataset
2022-06-30 22:33:00,574:INFO:Copying test dataset
2022-06-30 22:33:00,574:INFO:Plot type: rfe
2022-06-30 22:33:00,575:INFO:Fitting Model
2022-06-30 22:34:39,509:INFO:Initializing plot_model()
2022-06-30 22:34:39,509:INFO:plot_model(fold=KFold(n_splits=10, random_state=None, shuffle=False), use_train_data=False, verbose=True, is_in_evaluate=True, display=None, display_format=None, estimator=PowerTransformedTargetRegressor(bootstrap=False, ccp_alpha=0.0, criterion='mse',
                                max_depth=None, max_features='auto',
                                max_leaf_nodes=None, max_samples=None,
                                min_impurity_decrease=0.0,
                                min_impurity_split=None, min_samples_leaf=1,
                                min_samples_split=2,
                                min_weight_fraction_leaf=0.0, n_estimators=100,
                                n_jobs=-1, oob_score=False, random_state=1229,
                                regressor=ExtraTreesRegressor(n_jobs=-1,
                                                              random_state=1229),
                                verbose=0, warm_start=False), feature_name=None, fit_kwargs={}, groups=None, label=False, plot=learning, plot_kwargs={}, save=False, scale=1, system=True)
2022-06-30 22:34:39,509:INFO:Checking exceptions
2022-06-30 22:34:39,626:INFO:Preparing display monitor
2022-06-30 22:34:39,631:INFO:Preloading libraries
2022-06-30 22:34:39,642:INFO:Copying training dataset
2022-06-30 22:34:39,643:INFO:Copying test dataset
2022-06-30 22:34:39,643:INFO:Plot type: learning
2022-06-30 22:34:39,644:INFO:Fitting Model
2022-06-30 22:34:47,028:INFO:Visual Rendered Successfully
2022-06-30 22:34:47,193:INFO:plot_model() succesfully completed......................................
2022-06-30 22:35:08,163:INFO:Initializing plot_model()
2022-06-30 22:35:08,163:INFO:plot_model(fold=KFold(n_splits=10, random_state=None, shuffle=False), use_train_data=False, verbose=True, is_in_evaluate=True, display=None, display_format=None, estimator=PowerTransformedTargetRegressor(bootstrap=False, ccp_alpha=0.0, criterion='mse',
                                max_depth=None, max_features='auto',
                                max_leaf_nodes=None, max_samples=None,
                                min_impurity_decrease=0.0,
                                min_impurity_split=None, min_samples_leaf=1,
                                min_samples_split=2,
                                min_weight_fraction_leaf=0.0, n_estimators=100,
                                n_jobs=-1, oob_score=False, random_state=1229,
                                regressor=ExtraTreesRegressor(n_jobs=-1,
                                                              random_state=1229),
                                verbose=0, warm_start=False), feature_name=None, fit_kwargs={}, groups=None, label=False, plot=feature, plot_kwargs={}, save=False, scale=1, system=True)
2022-06-30 22:35:08,164:INFO:Checking exceptions
2022-06-30 22:35:08,274:INFO:Preparing display monitor
2022-06-30 22:35:08,280:INFO:Preloading libraries
2022-06-30 22:35:08,297:INFO:Copying training dataset
2022-06-30 22:35:08,298:INFO:Copying test dataset
2022-06-30 22:35:08,298:INFO:Plot type: feature
2022-06-30 22:35:08,299:WARNING:No coef_ found. Trying feature_importances_
2022-06-30 22:35:08,529:INFO:Visual Rendered Successfully
2022-06-30 22:35:08,652:INFO:plot_model() succesfully completed......................................
2022-06-30 22:35:22,067:INFO:Initializing plot_model()
2022-06-30 22:35:22,067:INFO:plot_model(fold=KFold(n_splits=10, random_state=None, shuffle=False), use_train_data=False, verbose=True, is_in_evaluate=True, display=None, display_format=None, estimator=PowerTransformedTargetRegressor(bootstrap=False, ccp_alpha=0.0, criterion='mse',
                                max_depth=None, max_features='auto',
                                max_leaf_nodes=None, max_samples=None,
                                min_impurity_decrease=0.0,
                                min_impurity_split=None, min_samples_leaf=1,
                                min_samples_split=2,
                                min_weight_fraction_leaf=0.0, n_estimators=100,
                                n_jobs=-1, oob_score=False, random_state=1229,
                                regressor=ExtraTreesRegressor(n_jobs=-1,
                                                              random_state=1229),
                                verbose=0, warm_start=False), feature_name=None, fit_kwargs={}, groups=None, label=False, plot=rfe, plot_kwargs={}, save=False, scale=1, system=True)
2022-06-30 22:35:22,067:INFO:Checking exceptions
2022-06-30 22:35:22,176:INFO:Preparing display monitor
2022-06-30 22:35:22,181:INFO:Preloading libraries
2022-06-30 22:35:22,192:INFO:Copying training dataset
2022-06-30 22:35:22,192:INFO:Copying test dataset
2022-06-30 22:35:22,193:INFO:Plot type: rfe
2022-06-30 22:35:22,194:INFO:Fitting Model
2022-06-30 22:37:01,361:INFO:Initializing plot_model()
2022-06-30 22:37:01,362:INFO:plot_model(fold=KFold(n_splits=10, random_state=None, shuffle=False), use_train_data=False, verbose=True, is_in_evaluate=True, display=None, display_format=None, estimator=PowerTransformedTargetRegressor(bootstrap=False, ccp_alpha=0.0, criterion='mse',
                                max_depth=None, max_features='auto',
                                max_leaf_nodes=None, max_samples=None,
                                min_impurity_decrease=0.0,
                                min_impurity_split=None, min_samples_leaf=1,
                                min_samples_split=2,
                                min_weight_fraction_leaf=0.0, n_estimators=100,
                                n_jobs=-1, oob_score=False, random_state=1229,
                                regressor=ExtraTreesRegressor(n_jobs=-1,
                                                              random_state=1229),
                                verbose=0, warm_start=False), feature_name=None, fit_kwargs={}, groups=None, label=False, plot=feature_all, plot_kwargs={}, save=False, scale=1, system=True)
2022-06-30 22:37:01,362:INFO:Checking exceptions
2022-06-30 22:37:01,670:INFO:Preparing display monitor
2022-06-30 22:37:01,676:INFO:Preloading libraries
2022-06-30 22:37:01,694:INFO:Copying training dataset
2022-06-30 22:37:01,694:INFO:Copying test dataset
2022-06-30 22:37:01,694:INFO:Plot type: feature_all
2022-06-30 22:37:01,695:WARNING:No coef_ found. Trying feature_importances_
2022-06-30 22:37:02,651:INFO:Visual Rendered Successfully
2022-06-30 22:37:02,791:INFO:plot_model() succesfully completed......................................
2022-06-30 22:40:10,219:INFO:Initializing plot_model()
2022-06-30 22:40:10,219:INFO:plot_model(fold=KFold(n_splits=10, random_state=None, shuffle=False), use_train_data=False, verbose=True, is_in_evaluate=True, display=None, display_format=None, estimator=PowerTransformedTargetRegressor(bootstrap=False, ccp_alpha=0.0, criterion='mse',
                                max_depth=None, max_features='auto',
                                max_leaf_nodes=None, max_samples=None,
                                min_impurity_decrease=0.0,
                                min_impurity_split=None, min_samples_leaf=1,
                                min_samples_split=2,
                                min_weight_fraction_leaf=0.0, n_estimators=100,
                                n_jobs=-1, oob_score=False, random_state=1229,
                                regressor=ExtraTreesRegressor(n_jobs=-1,
                                                              random_state=1229),
                                verbose=0, warm_start=False), feature_name=None, fit_kwargs={}, groups=None, label=False, plot=tree, plot_kwargs={}, save=False, scale=1, system=True)
2022-06-30 22:40:10,219:INFO:Checking exceptions
2022-06-30 22:45:38,914:INFO:Initializing plot_model()
2022-06-30 22:45:38,914:INFO:plot_model(fold=KFold(n_splits=10, random_state=None, shuffle=False), use_train_data=False, verbose=True, is_in_evaluate=True, display=None, display_format=None, estimator=PowerTransformedTargetRegressor(bootstrap=False, ccp_alpha=0.0, criterion='mse',
                                max_depth=None, max_features='auto',
                                max_leaf_nodes=None, max_samples=None,
                                min_impurity_decrease=0.0,
                                min_impurity_split=None, min_samples_leaf=1,
                                min_samples_split=2,
                                min_weight_fraction_leaf=0.0, n_estimators=100,
                                n_jobs=-1, oob_score=False, random_state=1229,
                                regressor=ExtraTreesRegressor(n_jobs=-1,
                                                              random_state=1229),
                                verbose=0, warm_start=False), feature_name=None, fit_kwargs={}, groups=None, label=False, plot=parameter, plot_kwargs={}, save=False, scale=1, system=True)
2022-06-30 22:45:38,914:INFO:Checking exceptions
2022-06-30 22:45:39,024:INFO:Preparing display monitor
2022-06-30 22:45:39,029:INFO:Preloading libraries
2022-06-30 22:45:39,047:INFO:Copying training dataset
2022-06-30 22:45:39,048:INFO:Copying test dataset
2022-06-30 22:45:39,048:INFO:Plot type: parameter
2022-06-30 22:45:39,053:INFO:Visual Rendered Successfully
2022-06-30 22:45:39,184:INFO:plot_model() succesfully completed......................................
2022-06-30 22:47:38,794:INFO:Initializing plot_model()
2022-06-30 22:47:38,794:INFO:plot_model(fold=KFold(n_splits=10, random_state=None, shuffle=False), use_train_data=False, verbose=True, is_in_evaluate=True, display=None, display_format=None, estimator=PowerTransformedTargetRegressor(bootstrap=False, ccp_alpha=0.0, criterion='mse',
                                max_depth=None, max_features='auto',
                                max_leaf_nodes=None, max_samples=None,
                                min_impurity_decrease=0.0,
                                min_impurity_split=None, min_samples_leaf=1,
                                min_samples_split=2,
                                min_weight_fraction_leaf=0.0, n_estimators=100,
                                n_jobs=-1, oob_score=False, random_state=1229,
                                regressor=ExtraTreesRegressor(n_jobs=-1,
                                                              random_state=1229),
                                verbose=0, warm_start=False), feature_name=None, fit_kwargs={}, groups=None, label=False, plot=manifold, plot_kwargs={}, save=False, scale=1, system=True)
2022-06-30 22:47:38,794:INFO:Checking exceptions
2022-06-30 22:47:38,912:INFO:Preparing display monitor
2022-06-30 22:47:38,917:INFO:Preloading libraries
2022-06-30 22:47:38,931:INFO:Copying training dataset
2022-06-30 22:47:38,932:INFO:Copying test dataset
2022-06-30 22:47:38,932:INFO:Plot type: manifold
2022-06-30 22:47:38,989:INFO:Fitting & Transforming Model
2022-06-30 22:47:41,506:INFO:Visual Rendered Successfully
2022-06-30 22:47:41,634:INFO:plot_model() succesfully completed......................................
2022-06-30 22:49:14,329:INFO:Initializing plot_model()
2022-06-30 22:49:14,329:INFO:plot_model(fold=KFold(n_splits=10, random_state=None, shuffle=False), use_train_data=False, verbose=True, is_in_evaluate=True, display=None, display_format=None, estimator=PowerTransformedTargetRegressor(bootstrap=False, ccp_alpha=0.0, criterion='mse',
                                max_depth=None, max_features='auto',
                                max_leaf_nodes=None, max_samples=None,
                                min_impurity_decrease=0.0,
                                min_impurity_split=None, min_samples_leaf=1,
                                min_samples_split=2,
                                min_weight_fraction_leaf=0.0, n_estimators=100,
                                n_jobs=-1, oob_score=False, random_state=1229,
                                regressor=ExtraTreesRegressor(n_jobs=-1,
                                                              random_state=1229),
                                verbose=0, warm_start=False), feature_name=None, fit_kwargs={}, groups=None, label=False, plot=residuals, plot_kwargs={}, save=False, scale=1, system=True)
2022-06-30 22:49:14,329:INFO:Checking exceptions
2022-06-30 22:49:14,439:INFO:Preparing display monitor
2022-06-30 22:49:14,445:INFO:Preloading libraries
2022-06-30 22:49:14,460:INFO:Copying training dataset
2022-06-30 22:49:14,461:INFO:Copying test dataset
2022-06-30 22:49:14,461:INFO:Plot type: residuals
2022-06-30 22:49:14,478:INFO:Fitting Model
2022-06-30 22:49:14,723:INFO:Scoring test/hold-out set
2022-06-30 22:49:15,202:INFO:Visual Rendered Successfully
2022-06-30 22:49:15,331:INFO:plot_model() succesfully completed......................................
2022-06-30 22:49:23,552:INFO:Initializing plot_model()
2022-06-30 22:49:23,552:INFO:plot_model(fold=KFold(n_splits=10, random_state=None, shuffle=False), use_train_data=False, verbose=True, is_in_evaluate=True, display=None, display_format=None, estimator=PowerTransformedTargetRegressor(bootstrap=False, ccp_alpha=0.0, criterion='mse',
                                max_depth=None, max_features='auto',
                                max_leaf_nodes=None, max_samples=None,
                                min_impurity_decrease=0.0,
                                min_impurity_split=None, min_samples_leaf=1,
                                min_samples_split=2,
                                min_weight_fraction_leaf=0.0, n_estimators=100,
                                n_jobs=-1, oob_score=False, random_state=1229,
                                regressor=ExtraTreesRegressor(n_jobs=-1,
                                                              random_state=1229),
                                verbose=0, warm_start=False), feature_name=None, fit_kwargs={}, groups=None, label=False, plot=parameter, plot_kwargs={}, save=False, scale=1, system=True)
2022-06-30 22:49:23,552:INFO:Checking exceptions
2022-06-30 22:49:23,671:INFO:Preparing display monitor
2022-06-30 22:49:23,677:INFO:Preloading libraries
2022-06-30 22:49:23,687:INFO:Copying training dataset
2022-06-30 22:49:23,688:INFO:Copying test dataset
2022-06-30 22:49:23,688:INFO:Plot type: parameter
2022-06-30 22:49:23,693:INFO:Visual Rendered Successfully
2022-06-30 22:49:23,817:INFO:plot_model() succesfully completed......................................
2022-06-30 22:49:25,391:INFO:Initializing plot_model()
2022-06-30 22:49:25,392:INFO:plot_model(fold=KFold(n_splits=10, random_state=None, shuffle=False), use_train_data=False, verbose=True, is_in_evaluate=True, display=None, display_format=None, estimator=PowerTransformedTargetRegressor(bootstrap=False, ccp_alpha=0.0, criterion='mse',
                                max_depth=None, max_features='auto',
                                max_leaf_nodes=None, max_samples=None,
                                min_impurity_decrease=0.0,
                                min_impurity_split=None, min_samples_leaf=1,
                                min_samples_split=2,
                                min_weight_fraction_leaf=0.0, n_estimators=100,
                                n_jobs=-1, oob_score=False, random_state=1229,
                                regressor=ExtraTreesRegressor(n_jobs=-1,
                                                              random_state=1229),
                                verbose=0, warm_start=False), feature_name=None, fit_kwargs={}, groups=None, label=False, plot=error, plot_kwargs={}, save=False, scale=1, system=True)
2022-06-30 22:49:25,392:INFO:Checking exceptions
2022-06-30 22:49:25,506:INFO:Preparing display monitor
2022-06-30 22:49:25,512:INFO:Preloading libraries
2022-06-30 22:49:25,522:INFO:Copying training dataset
2022-06-30 22:49:25,523:INFO:Copying test dataset
2022-06-30 22:49:25,523:INFO:Plot type: error
2022-06-30 22:49:25,525:INFO:Fitting Model
2022-06-30 22:49:25,525:INFO:Scoring test/hold-out set
2022-06-30 22:49:25,874:INFO:Visual Rendered Successfully
2022-06-30 22:49:26,000:INFO:plot_model() succesfully completed......................................
2022-06-30 22:50:47,016:INFO:Initializing interpret_model()
2022-06-30 22:50:47,016:INFO:interpret_model(estimator=PowerTransformedTargetRegressor(bootstrap=False, ccp_alpha=0.0, criterion='mse',
                                max_depth=None, max_features='auto',
                                max_leaf_nodes=None, max_samples=None,
                                min_impurity_decrease=0.0,
                                min_impurity_split=None, min_samples_leaf=1,
                                min_samples_split=2,
                                min_weight_fraction_leaf=0.0, n_estimators=100,
                                n_jobs=-1, oob_score=False, random_state=1229,
                                regressor=ExtraTreesRegressor(n_jobs=-1,
                                                              random_state=1229),
                                verbose=0, warm_start=False), use_train_data=False, X_new_sample=None, y_new_sample=None, feature=None, kwargs={}, observation=None, plot=summary, save=False)
2022-06-30 22:50:47,016:INFO:Checking exceptions
2022-06-30 22:50:47,238:INFO:plot type: summary
2022-06-30 22:50:47,238:INFO:Creating TreeExplainer
2022-06-30 22:50:47,249:INFO:Compiling shap values
2022-06-30 22:51:19,170:INFO:Visual Rendered Successfully
2022-06-30 22:51:19,170:INFO:interpret_model() succesfully completed......................................
2022-06-30 22:59:33,830:INFO:Initializing interpret_model()
2022-06-30 22:59:33,830:INFO:interpret_model(estimator=PowerTransformedTargetRegressor(bootstrap=False, ccp_alpha=0.0, criterion='mse',
                                max_depth=None, max_features='auto',
                                max_leaf_nodes=None, max_samples=None,
                                min_impurity_decrease=0.0,
                                min_impurity_split=None, min_samples_leaf=1,
                                min_samples_split=2,
                                min_weight_fraction_leaf=0.0, n_estimators=100,
                                n_jobs=-1, oob_score=False, random_state=1229,
                                regressor=ExtraTreesRegressor(n_jobs=-1,
                                                              random_state=1229),
                                verbose=0, warm_start=False), use_train_data=False, X_new_sample=None, y_new_sample=None, feature=None, kwargs={}, observation=None, plot=pdp, save=False)
2022-06-30 22:59:33,830:INFO:Checking exceptions
2022-06-30 22:59:33,910:INFO:plot type: pdp
2022-06-30 22:59:33,911:INFO:Checking feature parameter passed
2022-06-30 22:59:33,911:WARNING:No feature passed. Default value of feature used for pdp : ESTRATO_SOCIAL_1.0
2022-06-30 23:00:08,344:INFO:Visual Rendered Successfully
2022-06-30 23:00:08,344:INFO:interpret_model() succesfully completed......................................
2022-06-30 23:06:31,844:INFO:Initializing interpret_model()
2022-06-30 23:06:31,844:INFO:interpret_model(estimator=PowerTransformedTargetRegressor(bootstrap=False, ccp_alpha=0.0, criterion='mse',
                                max_depth=None, max_features='auto',
                                max_leaf_nodes=None, max_samples=None,
                                min_impurity_decrease=0.0,
                                min_impurity_split=None, min_samples_leaf=1,
                                min_samples_split=2,
                                min_weight_fraction_leaf=0.0, n_estimators=100,
                                n_jobs=-1, oob_score=False, random_state=1229,
                                regressor=ExtraTreesRegressor(n_jobs=-1,
                                                              random_state=1229),
                                verbose=0, warm_start=False), use_train_data=False, X_new_sample=None, y_new_sample=None, feature=None, kwargs={}, observation=None, plot=summary, save=True)
2022-06-30 23:06:31,844:INFO:Checking exceptions
2022-06-30 23:06:31,844:INFO:plot type: summary
2022-06-30 23:06:31,844:INFO:Creating TreeExplainer
2022-06-30 23:06:31,856:INFO:Compiling shap values
2022-06-30 23:07:03,767:INFO:Saving 'SHAP summary.png'
2022-06-30 23:07:04,106:INFO:Visual Rendered Successfully
2022-06-30 23:07:04,107:INFO:interpret_model() succesfully completed......................................
2022-06-30 23:08:22,286:INFO:Initializing plot_model()
2022-06-30 23:08:22,286:INFO:plot_model(fold=KFold(n_splits=10, random_state=None, shuffle=False), use_train_data=False, verbose=True, is_in_evaluate=True, display=None, display_format=None, estimator=PowerTransformedTargetRegressor(bootstrap=False, ccp_alpha=0.0, criterion='mse',
                                max_depth=None, max_features='auto',
                                max_leaf_nodes=None, max_samples=None,
                                min_impurity_decrease=0.0,
                                min_impurity_split=None, min_samples_leaf=1,
                                min_samples_split=2,
                                min_weight_fraction_leaf=0.0, n_estimators=100,
                                n_jobs=-1, oob_score=False, random_state=1229,
                                regressor=ExtraTreesRegressor(n_jobs=-1,
                                                              random_state=1229),
                                verbose=0, warm_start=False), feature_name=None, fit_kwargs={}, groups=None, label=False, plot=rfe, plot_kwargs={}, save=False, scale=1, system=True)
2022-06-30 23:08:22,286:INFO:Checking exceptions
2022-06-30 23:08:22,405:INFO:Preparing display monitor
2022-06-30 23:08:22,411:INFO:Preloading libraries
2022-06-30 23:08:22,429:INFO:Copying training dataset
2022-06-30 23:08:22,430:INFO:Copying test dataset
2022-06-30 23:08:22,430:INFO:Plot type: rfe
2022-06-30 23:08:22,432:INFO:Fitting Model
2022-06-30 23:15:52,093:INFO:Initializing plot_model()
2022-06-30 23:15:52,093:INFO:plot_model(fold=KFold(n_splits=10, random_state=None, shuffle=False), use_train_data=False, verbose=True, is_in_evaluate=True, display=None, display_format=None, estimator=PowerTransformedTargetRegressor(bootstrap=False, ccp_alpha=0.0, criterion='mse',
                                max_depth=None, max_features='auto',
                                max_leaf_nodes=None, max_samples=None,
                                min_impurity_decrease=0.0,
                                min_impurity_split=None, min_samples_leaf=1,
                                min_samples_split=2,
                                min_weight_fraction_leaf=0.0, n_estimators=100,
                                n_jobs=-1, oob_score=False, random_state=1229,
                                regressor=ExtraTreesRegressor(n_jobs=-1,
                                                              random_state=1229),
                                verbose=0, warm_start=False), feature_name=None, fit_kwargs={}, groups=None, label=False, plot=feature, plot_kwargs={}, save=False, scale=1, system=True)
2022-06-30 23:15:52,093:INFO:Checking exceptions
2022-06-30 23:15:52,205:INFO:Preparing display monitor
2022-06-30 23:15:52,210:INFO:Preloading libraries
2022-06-30 23:15:52,222:INFO:Copying training dataset
2022-06-30 23:15:52,223:INFO:Copying test dataset
2022-06-30 23:15:52,223:INFO:Plot type: feature
2022-06-30 23:15:52,224:WARNING:No coef_ found. Trying feature_importances_
2022-06-30 23:15:52,437:INFO:Visual Rendered Successfully
2022-06-30 23:15:52,633:INFO:plot_model() succesfully completed......................................
